# JRE version: OpenJDK Runtime Environment Temurin-21.0.10+7 (21.0.10+7) (build 21.0.10+7-LTS)
# Java VM: OpenJDK 64-Bit Server VM Temurin-21.0.10+7 (21.0.10+7-LTS, mixed mode, sharing, tiered, compressed oops, compressed class ptrs, parallel gc, windows-amd64)
GC Precious Log:
 CardTable entry size: 512
 CPUs: 12 total, 12 available
 Memory: 16057M
 Large Page Support: Disabled
 NUMA Support: Disabled
 Compressed Oops: Enabled (32-bit)
 Alignments: Space 512K, Generation 512K, Heap 2M
 Heap Min Capacity: 100M
 Heap Initial Capacity: 100M
 Heap Max Capacity: 2G
 Pre-touch: Disabled
 Parallel Workers: 10
Heap:
 PSYoungGen      total 5632K, used 5408K [0x00000000d5580000, 0x00000000d5e80000, 0x0000000100000000)
  eden space 4608K, 100% used [0x00000000d5580000,0x00000000d5a00000,0x00000000d5a00000)
  from space 1024K, 78% used [0x00000000d5d80000,0x00000000d5e48020,0x00000000d5e80000)
  to   space 2048K, 0% used [0x00000000d5a80000,0x00000000d5a80000,0x00000000d5c80000)
 ParOldGen       total 1127936K, used 1126901K [0x0000000080000000, 0x00000000c4d80000, 0x00000000d5580000)
  object space 1127936K, 99% used [0x0000000080000000,0x00000000c4c7d770,0x00000000c4d80000)
 Metaspace       used 98256K, committed 100224K, reserved 1179648K
  class space    used 9837K, committed 10752K, reserved 1048576K
GC Heap History (20 events):
Event: 680.519 GC heap before
{Heap before GC invocations=3230 (full 7):
 PSYoungGen      total 5120K, used 5096K [0x00000000d5580000, 0x00000000d6f80000, 0x0000000100000000)
  eden space 512K, 100% used [0x00000000d5580000,0x00000000d5600000,0x00000000d5600000)
  from space 4608K, 99% used [0x00000000d6000000,0x00000000d647a040,0x00000000d6480000)
  to   space 10240K, 0% used [0x00000000d5600000,0x00000000d5600000,0x00000000d6000000)
 ParOldGen       total 1101824K, used 1101409K [0x0000000080000000, 0x00000000c3400000, 0x00000000d5580000)
  object space 1101824K, 99% used [0x0000000080000000,0x00000000c33986a8,0x00000000c3400000)
 Metaspace       used 98219K, committed 100224K, reserved 1179648K
  class space    used 9837K, committed 10752K, reserved 1048576K
}
Event: 680.527 GC heap after
{Heap after GC invocations=3230 (full 7):
 PSYoungGen      total 1536K, used 626K [0x00000000d5580000, 0x00000000d6080000, 0x0000000100000000)
  eden space 512K, 0% used [0x00000000d5580000,0x00000000d5580000,0x00000000d5600000)
  from space 1024K, 61% used [0x00000000d5600000,0x00000000d569c8b0,0x00000000d5700000)
  to   space 4096K, 0% used [0x00000000d5c80000,0x00000000d5c80000,0x00000000d6080000)
 ParOldGen       total 1106432K, used 1105989K [0x0000000080000000, 0x00000000c3880000, 0x00000000d5580000)
  object space 1106432K, 99% used [0x0000000080000000,0x00000000c3811730,0x00000000c3880000)
 Metaspace       used 98219K, committed 100224K, reserved 1179648K
  class space    used 9837K, committed 10752K, reserved 1048576K
}
Event: 680.529 GC heap before
{Heap before GC invocations=3231 (full 7):
 PSYoungGen      total 1536K, used 1138K [0x00000000d5580000, 0x00000000d6080000, 0x0000000100000000)
  eden space 512K, 99% used [0x00000000d5580000,0x00000000d55fffb8,0x00000000d5600000)
  from space 1024K, 61% used [0x00000000d5600000,0x00000000d569c8b0,0x00000000d5700000)
  to   space 4096K, 0% used [0x00000000d5c80000,0x00000000d5c80000,0x00000000d6080000)
 ParOldGen       total 1106432K, used 1105989K [0x0000000080000000, 0x00000000c3880000, 0x00000000d5580000)
  object space 1106432K, 99% used [0x0000000080000000,0x00000000c3811730,0x00000000c3880000)
 Metaspace       used 98219K, committed 100224K, reserved 1179648K
  class space    used 9837K, committed 10752K, reserved 1048576K
}
Event: 680.533 GC heap after
{Heap after GC invocations=3231 (full 7):
 PSYoungGen      total 2048K, used 608K [0x00000000d5580000, 0x00000000d5d80000, 0x0000000100000000)
  eden space 1024K, 0% used [0x00000000d5580000,0x00000000d5580000,0x00000000d5680000)
  from space 1024K, 59% used [0x00000000d5c80000,0x00000000d5d18000,0x00000000d5d80000)
  to   space 1536K, 0% used [0x00000000d5a80000,0x00000000d5a80000,0x00000000d5c00000)
 ParOldGen       total 1106944K, used 1106492K [0x0000000080000000, 0x00000000c3900000, 0x00000000d5580000)
  object space 1106944K, 99% used [0x0000000080000000,0x00000000c388f3c0,0x00000000c3900000)
 Metaspace       used 98219K, committed 100224K, reserved 1179648K
  class space    used 9837K, committed 10752K, reserved 1048576K
}
Event: 680.539 GC heap before
{Heap before GC invocations=3232 (full 7):
 PSYoungGen      total 2048K, used 1632K [0x00000000d5580000, 0x00000000d5d80000, 0x0000000100000000)
  eden space 1024K, 100% used [0x00000000d5580000,0x00000000d5680000,0x00000000d5680000)
  from space 1024K, 59% used [0x00000000d5c80000,0x00000000d5d18000,0x00000000d5d80000)
  to   space 1536K, 0% used [0x00000000d5a80000,0x00000000d5a80000,0x00000000d5c00000)
 ParOldGen       total 1106944K, used 1106492K [0x0000000080000000, 0x00000000c3900000, 0x00000000d5580000)
  object space 1106944K, 99% used [0x0000000080000000,0x00000000c388f3c0,0x00000000c3900000)
 Metaspace       used 98219K, committed 100224K, reserved 1179648K
  class space    used 9837K, committed 10752K, reserved 1048576K
}
Event: 680.543 GC heap after
{Heap after GC invocations=3232 (full 7):
 PSYoungGen      total 3072K, used 1133K [0x00000000d5580000, 0x00000000d5d00000, 0x0000000100000000)
  eden space 1536K, 0% used [0x00000000d5580000,0x00000000d5580000,0x00000000d5700000)
  from space 1536K, 73% used [0x00000000d5a80000,0x00000000d5b9b6b0,0x00000000d5c00000)
  to   space 1024K, 0% used [0x00000000d5c00000,0x00000000d5c00000,0x00000000d5d00000)
 ParOldGen       total 1107456K, used 1107000K [0x0000000080000000, 0x00000000c3980000, 0x00000000d5580000)
  object space 1107456K, 99% used [0x0000000080000000,0x00000000c390e008,0x00000000c3980000)
 Metaspace       used 98219K, committed 100224K, reserved 1179648K
  class space    used 9837K, committed 10752K, reserved 1048576K
}
Event: 680.552 GC heap before
{Heap before GC invocations=3233 (full 7):
 PSYoungGen      total 3072K, used 2669K [0x00000000d5580000, 0x00000000d5d00000, 0x0000000100000000)
  eden space 1536K, 100% used [0x00000000d5580000,0x00000000d5700000,0x00000000d5700000)
  from space 1536K, 73% used [0x00000000d5a80000,0x00000000d5b9b6b0,0x00000000d5c00000)
  to   space 1024K, 0% used [0x00000000d5c00000,0x00000000d5c00000,0x00000000d5d00000)
 ParOldGen       total 1107456K, used 1107000K [0x0000000080000000, 0x00000000c3980000, 0x00000000d5580000)
  object space 1107456K, 99% used [0x0000000080000000,0x00000000c390e008,0x00000000c3980000)
 Metaspace       used 98219K, committed 100224K, reserved 1179648K
  class space    used 9837K, committed 10752K, reserved 1048576K
}
Event: 680.557 GC heap after
{Heap after GC invocations=3233 (full 7):
 PSYoungGen      total 3072K, used 1023K [0x00000000d5580000, 0x00000000d5d80000, 0x0000000100000000)
  eden space 2048K, 0% used [0x00000000d5580000,0x00000000d5580000,0x00000000d5780000)
  from space 1024K, 99% used [0x00000000d5c00000,0x00000000d5cffdc8,0x00000000d5d00000)
  to   space 3072K, 0% used [0x00000000d5780000,0x00000000d5780000,0x00000000d5a80000)
 ParOldGen       total 1108992K, used 1108484K [0x0000000080000000, 0x00000000c3b00000, 0x00000000d5580000)
  object space 1108992K, 99% used [0x0000000080000000,0x00000000c3a811c8,0x00000000c3b00000)
 Metaspace       used 98219K, committed 100224K, reserved 1179648K
  class space    used 9837K, committed 10752K, reserved 1048576K
}
Event: 680.567 GC heap before
{Heap before GC invocations=3234 (full 7):
 PSYoungGen      total 3072K, used 3071K [0x00000000d5580000, 0x00000000d5d80000, 0x0000000100000000)
  eden space 2048K, 100% used [0x00000000d5580000,0x00000000d5780000,0x00000000d5780000)
  from space 1024K, 99% used [0x00000000d5c00000,0x00000000d5cffdc8,0x00000000d5d00000)
  to   space 3072K, 0% used [0x00000000d5780000,0x00000000d5780000,0x00000000d5a80000)
 ParOldGen       total 1108992K, used 1108484K [0x0000000080000000, 0x00000000c3b00000, 0x00000000d5580000)
  object space 1108992K, 99% used [0x0000000080000000,0x00000000c3a811c8,0x00000000c3b00000)
 Metaspace       used 98219K, committed 100224K, reserved 1179648K
  class space    used 9837K, committed 10752K, reserved 1048576K
}
Event: 680.572 GC heap after
{Heap after GC invocations=3234 (full 7):
 PSYoungGen      total 5120K, used 2173K [0x00000000d5580000, 0x00000000d5d00000, 0x0000000100000000)
  eden space 2048K, 0% used [0x00000000d5580000,0x00000000d5580000,0x00000000d5780000)
  from space 3072K, 70% used [0x00000000d5780000,0x00000000d599f798,0x00000000d5a80000)
  to   space 2560K, 0% used [0x00000000d5a80000,0x00000000d5a80000,0x00000000d5d00000)
 ParOldGen       total 1110016K, used 1109536K [0x0000000080000000, 0x00000000c3c00000, 0x00000000d5580000)
  object space 1110016K, 99% used [0x0000000080000000,0x00000000c3b88268,0x00000000c3c00000)
 Metaspace       used 98219K, committed 100224K, reserved 1179648K
  class space    used 9837K, committed 10752K, reserved 1048576K
}
Event: 680.578 GC heap before
{Heap before GC invocations=3235 (full 7):
 PSYoungGen      total 5120K, used 4221K [0x00000000d5580000, 0x00000000d5d00000, 0x0000000100000000)
  eden space 2048K, 100% used [0x00000000d5580000,0x00000000d5780000,0x00000000d5780000)
  from space 3072K, 70% used [0x00000000d5780000,0x00000000d599f798,0x00000000d5a80000)
  to   space 2560K, 0% used [0x00000000d5a80000,0x00000000d5a80000,0x00000000d5d00000)
 ParOldGen       total 1110016K, used 1109536K [0x0000000080000000, 0x00000000c3c00000, 0x00000000d5580000)
  object space 1110016K, 99% used [0x0000000080000000,0x00000000c3b88268,0x00000000c3c00000)
 Metaspace       used 98219K, committed 100224K, reserved 1179648K
  class space    used 9837K, committed 10752K, reserved 1048576K
}
Event: 680.583 GC heap after
{Heap after GC invocations=3235 (full 7):
 PSYoungGen      total 5120K, used 2208K [0x00000000d5580000, 0x00000000d5d00000, 0x0000000100000000)
  eden space 2560K, 0% used [0x00000000d5580000,0x00000000d5580000,0x00000000d5800000)
  from space 2560K, 86% used [0x00000000d5a80000,0x00000000d5ca8000,0x00000000d5d00000)
  to   space 2560K, 0% used [0x00000000d5800000,0x00000000d5800000,0x00000000d5a80000)
 ParOldGen       total 1112064K, used 1111592K [0x0000000080000000, 0x00000000c3e00000, 0x00000000d5580000)
  object space 1112064K, 99% used [0x0000000080000000,0x00000000c3d8a330,0x00000000c3e00000)
 Metaspace       used 98219K, committed 100224K, reserved 1179648K
  class space    used 9837K, committed 10752K, reserved 1048576K
}
Event: 680.593 GC heap before
{Heap before GC invocations=3236 (full 7):
 PSYoungGen      total 5120K, used 4641K [0x00000000d5580000, 0x00000000d5d00000, 0x0000000100000000)
  eden space 2560K, 95% used [0x00000000d5580000,0x00000000d57e04b8,0x00000000d5800000)
  from space 2560K, 86% used [0x00000000d5a80000,0x00000000d5ca8000,0x00000000d5d00000)
  to   space 2560K, 0% used [0x00000000d5800000,0x00000000d5800000,0x00000000d5a80000)
 ParOldGen       total 1112064K, used 1111592K [0x0000000080000000, 0x00000000c3e00000, 0x00000000d5580000)
  object space 1112064K, 99% used [0x0000000080000000,0x00000000c3d8a330,0x00000000c3e00000)
 Metaspace       used 98219K, committed 100224K, reserved 1179648K
  class space    used 9837K, committed 10752K, reserved 1048576K
}
Event: 680.600 GC heap after
{Heap after GC invocations=3236 (full 7):
 PSYoungGen      total 5120K, used 2284K [0x00000000d5580000, 0x00000000d5d80000, 0x0000000100000000)
  eden space 2560K, 0% used [0x00000000d5580000,0x00000000d5580000,0x00000000d5800000)
  from space 2560K, 89% used [0x00000000d5800000,0x00000000d5a3b290,0x00000000d5a80000)
  to   space 2560K, 0% used [0x00000000d5b00000,0x00000000d5b00000,0x00000000d5d80000)
 ParOldGen       total 1114112K, used 1113661K [0x0000000080000000, 0x00000000c4000000, 0x00000000d5580000)
  object space 1114112K, 99% used [0x0000000080000000,0x00000000c3f8f5c0,0x00000000c4000000)
 Metaspace       used 98219K, committed 100224K, reserved 1179648K
  class space    used 9837K, committed 10752K, reserved 1048576K
}
Event: 680.617 GC heap before
{Heap before GC invocations=3237 (full 7):
 PSYoungGen      total 5120K, used 4257K [0x00000000d5580000, 0x00000000d5d80000, 0x0000000100000000)
  eden space 2560K, 77% used [0x00000000d5580000,0x00000000d576d4c8,0x00000000d5800000)
  from space 2560K, 89% used [0x00000000d5800000,0x00000000d5a3b290,0x00000000d5a80000)
  to   space 2560K, 0% used [0x00000000d5b00000,0x00000000d5b00000,0x00000000d5d80000)
 ParOldGen       total 1114112K, used 1113661K [0x0000000080000000, 0x00000000c4000000, 0x00000000d5580000)
  object space 1114112K, 99% used [0x0000000080000000,0x00000000c3f8f5c0,0x00000000c4000000)
 Metaspace       used 98219K, committed 100224K, reserved 1179648K
  class space    used 9837K, committed 10752K, reserved 1048576K
}
Event: 680.624 GC heap after
{Heap after GC invocations=3237 (full 7):
 PSYoungGen      total 5120K, used 1696K [0x00000000d5580000, 0x00000000d5d00000, 0x0000000100000000)
  eden space 3072K, 0% used [0x00000000d5580000,0x00000000d5580000,0x00000000d5880000)
  from space 2048K, 82% used [0x00000000d5b00000,0x00000000d5ca8000,0x00000000d5d00000)
  to   space 2048K, 0% used [0x00000000d5900000,0x00000000d5900000,0x00000000d5b00000)
 ParOldGen       total 1116160K, used 1115668K [0x0000000080000000, 0x00000000c4200000, 0x00000000d5580000)
  object space 1116160K, 99% used [0x0000000080000000,0x00000000c4185020,0x00000000c4200000)
 Metaspace       used 98219K, committed 100224K, reserved 1179648K
  class space    used 9837K, committed 10752K, reserved 1048576K
}
Event: 680.654 GC heap before
{Heap before GC invocations=3238 (full 7):
 PSYoungGen      total 5120K, used 4768K [0x00000000d5580000, 0x00000000d5d00000, 0x0000000100000000)
  eden space 3072K, 100% used [0x00000000d5580000,0x00000000d5880000,0x00000000d5880000)
  from space 2048K, 82% used [0x00000000d5b00000,0x00000000d5ca8000,0x00000000d5d00000)
  to   space 2048K, 0% used [0x00000000d5900000,0x00000000d5900000,0x00000000d5b00000)
 ParOldGen       total 1116160K, used 1115668K [0x0000000080000000, 0x00000000c4200000, 0x00000000d5580000)
  object space 1116160K, 99% used [0x0000000080000000,0x00000000c4185020,0x00000000c4200000)
 Metaspace       used 98219K, committed 100224K, reserved 1179648K
  class space    used 9837K, committed 10752K, reserved 1048576K
}
Event: 680.659 GC heap after
{Heap after GC invocations=3238 (full 7):
 PSYoungGen      total 5632K, used 2032K [0x00000000d5580000, 0x00000000d6180000, 0x0000000100000000)
  eden space 3584K, 0% used [0x00000000d5580000,0x00000000d5580000,0x00000000d5900000)
  from space 2048K, 99% used [0x00000000d5900000,0x00000000d5afc028,0x00000000d5b00000)
  to   space 4096K, 0% used [0x00000000d5d80000,0x00000000d5d80000,0x00000000d6180000)
 ParOldGen       total 1117696K, used 1117317K [0x0000000080000000, 0x00000000c4380000, 0x00000000d5580000)
  object space 1117696K, 99% used [0x0000000080000000,0x00000000c4321760,0x00000000c4380000)
 Metaspace       used 98219K, committed 100224K, reserved 1179648K
  class space    used 9837K, committed 10752K, reserved 1048576K
}
Event: 680.804 GC heap before
{Heap before GC invocations=3239 (full 7):
 PSYoungGen      total 5632K, used 5616K [0x00000000d5580000, 0x00000000d6180000, 0x0000000100000000)
  eden space 3584K, 99% used [0x00000000d5580000,0x00000000d58ffff0,0x00000000d5900000)
  from space 2048K, 99% used [0x00000000d5900000,0x00000000d5afc028,0x00000000d5b00000)
  to   space 4096K, 0% used [0x00000000d5d80000,0x00000000d5d80000,0x00000000d6180000)
 ParOldGen       total 1117696K, used 1117317K [0x0000000080000000, 0x00000000c4380000, 0x00000000d5580000)
  object space 1117696K, 99% used [0x0000000080000000,0x00000000c4321760,0x00000000c4380000)
 Metaspace       used 98232K, committed 100224K, reserved 1179648K
  class space    used 9837K, committed 10752K, reserved 1048576K
}
Event: 680.811 GC heap after
{Heap after GC invocations=3239 (full 7):
 PSYoungGen      total 5632K, used 800K [0x00000000d5580000, 0x00000000d5e80000, 0x0000000100000000)
  eden space 4608K, 0% used [0x00000000d5580000,0x00000000d5580000,0x00000000d5a00000)
  from space 1024K, 78% used [0x00000000d5d80000,0x00000000d5e48020,0x00000000d5e80000)
  to   space 2048K, 0% used [0x00000000d5a80000,0x00000000d5a80000,0x00000000d5c80000)
 ParOldGen       total 1119744K, used 1119221K [0x0000000080000000, 0x00000000c4580000, 0x00000000d5580000)
  object space 1119744K, 99% used [0x0000000080000000,0x00000000c44fd760,0x00000000c4580000)
 Metaspace       used 98232K, committed 100224K, reserved 1179648K
  class space    used 9837K, committed 10752K, reserved 1048576K
}

